build/intermediates/manifest_merge_blame_file/debug/manifest-merger-blame-debug-report.txt
1<?xml version="1.0" encoding="utf-8"?>
2<manifest xmlns:android="http://schemas.android.com/apk/res/android"
3    package="com.google.ar.sceneform.samples.videotexture"
4    android:versionCode="1"
5    android:versionName="1.0" >
6
7    <uses-sdk
8        android:minSdkVersion="24"
8-->src\main\AndroidManifest.xml
9        android:targetSdkVersion="31" />
9-->src\main\AndroidManifest.xml
10
11    <!-- Always needed for AR. -->
12    <uses-permission android:name="android.permission.CAMERA" />
12-->src\main\AndroidManifest.xml:6:5-65
12-->src\main\AndroidManifest.xml:6:22-62
13
14    <!-- Needed to load gltf from network. -->
15    <uses-permission android:name="android.permission.INTERNET" />
15-->src\main\AndroidManifest.xml:9:5-67
15-->src\main\AndroidManifest.xml:9:22-64
16
17    <!-- Sceneform requires OpenGLES 3.0 or later. -->
18    <uses-feature
18-->src\main\AndroidManifest.xml:12:5-14:35
19        android:glEsVersion="0x00030000"
19-->src\main\AndroidManifest.xml:13:9-41
20        android:required="true" />
20-->src\main\AndroidManifest.xml:14:9-32
21
22    <!--
23         Indicates that this app requires Google Play Services for AR ("AR Required") and results in
24         the app only being visible in the Google Play Store on devices that support ARCore.
25         For an "AR Optional" app, remove this tag.
26    -->
27    <uses-feature
27-->src\main\AndroidManifest.xml:19:5-21:35
28        android:name="android.hardware.camera.ar"
28-->src\main\AndroidManifest.xml:20:9-50
29        android:required="true" />
29-->src\main\AndroidManifest.xml:21:9-32
30
31    <queries>
31-->[com.google.ar:core:1.31.0] AndroidManifest.xml:29:5-31:15
32        <package android:name="com.google.ar.core" />
32-->[com.google.ar:core:1.31.0] AndroidManifest.xml:30:9-54
32-->[com.google.ar:core:1.31.0] AndroidManifest.xml:30:18-51
33    </queries>
34
35    <application
35-->src\main\AndroidManifest.xml:23:5-47:19
36        android:appComponentFactory="androidx.core.app.CoreComponentFactory"
36-->[androidx.core:core:1.7.0] AndroidManifest.xml:24:18-86
37        android:debuggable="true"
38        android:extractNativeLibs="false"
39        android:icon="@drawable/ic_launcher"
39-->src\main\AndroidManifest.xml:24:9-45
40        android:label="@string/app_name"
40-->src\main\AndroidManifest.xml:25:9-41
41        android:testOnly="true"
42        android:theme="@style/AppTheme" >
42-->src\main\AndroidManifest.xml:26:9-40
43
44        <!--
45        Indicates that this app requires Google Play Services for AR ("AR Required") and causes
46        the Google Play Store to download and intall Google Play Services for AR along with the app.
47        For an "AR Optional" app, specify "optional" instead of "required".
48        -->
49        <meta-data
49-->src\main\AndroidManifest.xml:31:9-33:40
50            android:name="com.google.ar.core"
50-->src\main\AndroidManifest.xml:32:13-46
51            android:value="required" />
51-->src\main\AndroidManifest.xml:33:13-37
52
53        <activity
53-->src\main\AndroidManifest.xml:35:9-46:20
54            android:name="com.google.ar.sceneform.samples.videotexture.MainActivity"
54-->src\main\AndroidManifest.xml:36:13-41
55            android:configChanges="orientation|screenSize"
55-->src\main\AndroidManifest.xml:37:13-59
56            android:exported="true"
56-->src\main\AndroidManifest.xml:38:13-36
57            android:label="@string/app_name"
57-->src\main\AndroidManifest.xml:39:13-45
58            android:screenOrientation="locked"
58-->src\main\AndroidManifest.xml:40:13-47
59            android:theme="@style/AppTheme" >
59-->src\main\AndroidManifest.xml:41:13-44
60            <intent-filter>
60-->src\main\AndroidManifest.xml:42:13-45:29
61                <action android:name="android.intent.action.MAIN" />
61-->src\main\AndroidManifest.xml:43:17-69
61-->src\main\AndroidManifest.xml:43:25-66
62
63                <category android:name="android.intent.category.LAUNCHER" />
63-->src\main\AndroidManifest.xml:44:17-77
63-->src\main\AndroidManifest.xml:44:27-74
64            </intent-filter>
65        </activity>
66
67        <provider
67-->[androidx.emoji2:emoji2:1.0.0] AndroidManifest.xml:26:9-34:20
68            android:name="androidx.startup.InitializationProvider"
68-->[androidx.emoji2:emoji2:1.0.0] AndroidManifest.xml:27:13-67
69            android:authorities="com.google.ar.sceneform.samples.videotexture.androidx-startup"
69-->[androidx.emoji2:emoji2:1.0.0] AndroidManifest.xml:28:13-68
70            android:exported="false" >
70-->[androidx.emoji2:emoji2:1.0.0] AndroidManifest.xml:29:13-37
71            <meta-data
71-->[androidx.emoji2:emoji2:1.0.0] AndroidManifest.xml:31:13-33:52
72                android:name="androidx.emoji2.text.EmojiCompatInitializer"
72-->[androidx.emoji2:emoji2:1.0.0] AndroidManifest.xml:32:17-75
73                android:value="androidx.startup" />
73-->[androidx.emoji2:emoji2:1.0.0] AndroidManifest.xml:33:17-49
74            <meta-data
74-->[androidx.lifecycle:lifecycle-process:2.4.0] AndroidManifest.xml:31:13-33:52
75                android:name="androidx.lifecycle.ProcessLifecycleInitializer"
75-->[androidx.lifecycle:lifecycle-process:2.4.0] AndroidManifest.xml:32:17-78
76                android:value="androidx.startup" />
76-->[androidx.lifecycle:lifecycle-process:2.4.0] AndroidManifest.xml:33:17-49
77        </provider> <!-- The minimal version code of ARCore APK required for an app using this SDK. -->
78        <meta-data
78-->[com.google.ar:core:1.31.0] AndroidManifest.xml:36:9-38:41
79            android:name="com.google.ar.core.min_apk_version"
79-->[com.google.ar:core:1.31.0] AndroidManifest.xml:37:13-62
80            android:value="220920000" /> <!-- This activity is critical for installing ARCore when it is not already present. -->
80-->[com.google.ar:core:1.31.0] AndroidManifest.xml:38:13-38
81        <activity
81-->[com.google.ar:core:1.31.0] AndroidManifest.xml:40:9-46:80
82            android:name="com.google.ar.core.InstallActivity"
82-->[com.google.ar:core:1.31.0] AndroidManifest.xml:41:13-62
83            android:configChanges="keyboardHidden|orientation|screenSize"
83-->[com.google.ar:core:1.31.0] AndroidManifest.xml:42:13-74
84            android:excludeFromRecents="true"
84-->[com.google.ar:core:1.31.0] AndroidManifest.xml:43:13-46
85            android:exported="false"
85-->[com.google.ar:core:1.31.0] AndroidManifest.xml:44:13-37
86            android:launchMode="singleTop"
86-->[com.google.ar:core:1.31.0] AndroidManifest.xml:45:13-43
87            android:theme="@android:style/Theme.Material.Light.Dialog.Alert" />
87-->[com.google.ar:core:1.31.0] AndroidManifest.xml:46:13-77
88    </application>
89
90</manifest>